1/350 Connells Worthing: 0 email(s)
2/350 William H Brown Worthing: 0 email(s)
3/350 Fox & Sons Worthing: 0 email(s)
4/350 Barnard Marcus Worthing: 0 email(s)
5/350 Allen & Harris Worthing: 0 email(s)
6/350 Romans Brighton: 0 email(s)
7/350 Leaders Brighton: 0 email(s)
8/350 Mansell McTaggart Brighton: 0 email(s)
9/350 Henry Adams Brighton: 0 email(s)
10/350 Jacobs Steel Brighton: 0 email(s)
11/350 Martin & Co Hove: 0 email(s)
12/350 Winkworth Hove: 0 email(s)
13/350 Hamptons Hove: 0 email(s)
14/350 Savills Hove: 0 email(s)
15/350 Knight Frank Hove: 0 email(s)
16/350 Barnard Marcus Chichester: 0 email(s)
17/350 Allen & Harris Chichester: 0 email(s)
18/350 Mann Chichester: 0 email(s)
19/350 Bairstow Eves Chichester: 0 email(s)
20/350 Abbotts Chichester: 0 email(s)
21/350 Henry Adams Bognor Regis: 0 email(s)
22/350 Jacobs Steel Bognor Regis: 0 email(s)
23/350 Michael Jones Bognor Regis: 0 email(s)
24/350 Robert Luff & Co Bognor Regis: 2 email(s)
25/350 Bacon & Company Bognor Regis: 1 email(s)
26/350 Savills Littlehampton: 0 email(s)
27/350 Knight Frank Littlehampton: 0 email(s)
28/350 Strutt & Parker Littlehampton: 0 email(s)
29/350 Fine & Country Littlehampton: 0 email(s)
30/350 Chancellors Littlehampton: 0 email(s)
31/350 Bairstow Eves Arundel: 0 email(s)
32/350 Abbotts Arundel: 0 email(s)
33/350 Taylors Arundel: 0 email(s)
34/350 Gascoigne-Pees Arundel: 0 email(s)
35/350 King & Chasemore Arundel: 0 email(s)
36/350 Robert Luff & Co Shoreham-by-Sea: 2 email(s)
37/350 Bacon & Company Shoreham-by-Sea: 1 email(s)
38/350 Sims Williams Shoreham-by-Sea: 0 email(s)
39/350 Oakfield Shoreham-by-Sea: 1 email(s)
40/350 Brand Vaughan Shoreham-by-Sea: 0 email(s)
41/350 Fine & Country Lancing: 0 email(s)
42/350 Chancellors Lancing: 0 email(s)
43/350 Haart Lancing: 0 email(s)
44/350 Spicerhaart Lancing: 0 email(s)
45/350 KFH Lancing: 0 email(s)
46/350 Gascoigne-Pees Horsham: 0 email(s)
47/350 King & Chasemore Horsham: 0 email(s)
48/350 Cubitt & West Horsham: 0 email(s)
49/350 Douglas Allen Horsham: 0 email(s)
50/350 Wards Horsham: 0 email(s)
51/350 Oakfield Crawley: 1 email(s)
52/350 Brand Vaughan Crawley: 0 email(s)
53/350 Maslen Estate Agents Crawley: 0 email(s)
54/350 Move Sussex Crawley: 0 email(s)
55/350 Taylor Engley Crawley: 0 email(s)
56/350 Spicerhaart Haywards Heath: 0 email(s)
57/350 KFH Haywards Heath: 0 email(s)
58/350 Foxtons Haywards Heath: 0 email(s)
59/350 Chestertons Haywards Heath: 0 email(s)
60/350 Dexters Haywards Heath: 0 email(s)
61/350 Douglas Allen Burgess Hill: 0 email(s)
62/350 Wards Burgess Hill: 0 email(s)
63/350 Your Move Burgess Hill: 0 email(s)
64/350 Reeds Rains Burgess Hill: 0 email(s)
65/350 Hunters Burgess Hill: 0 email(s)
66/350 Move Sussex East Grinstead: 0 email(s)
67/350 Taylor Engley East Grinstead: 0 email(s)
68/350 Town Property East Grinstead: 3 email(s)
69/350 Open House East Grinstead: 0 email(s)
70/350 Connells East Grinstead: 0 email(s)
71/350 Chestertons Hassocks: 0 email(s)
72/350 Dexters Hassocks: 0 email(s)
73/350 Acorn Hassocks: 0 email(s)
74/350 Andrews Hassocks: 1 email(s)
75/350 Romans Hassocks: 0 email(s)
76/350 Reeds Rains Uckfield: 0 email(s)
77/350 Hunters Uckfield: 0 email(s)
78/350 Belvoir Uckfield: 0 email(s)
79/350 Northwood Uckfield: 0 email(s)
80/350 Martin & Co Uckfield: 0 email(s)
81/350 Open House Lewes: 0 email(s)
82/350 Connells Lewes: 0 email(s)
83/350 William H Brown Lewes: 0 email(s)
84/350 Fox & Sons Lewes: 0 email(s)
85/350 Barnard Marcus Lewes: 0 email(s)
86/350 Andrews Eastbourne: 1 email(s)
87/350 Romans Eastbourne: 0 email(s)
88/350 Leaders Eastbourne: 0 email(s)
89/350 Mansell McTaggart Eastbourne: 0 email(s)
90/350 Henry Adams Eastbourne: 0 email(s)
91/350 Northwood Hastings: 0 email(s)
92/350 Martin & Co Hastings: 0 email(s)
93/350 Winkworth Hastings: 0 email(s)
94/350 Hamptons Hastings: 0 email(s)
95/350 Savills Hastings: 0 email(s)
96/350 Fox & Sons Bexhill-on-Sea: 0 email(s)
97/350 Barnard Marcus Bexhill-on-Sea: 0 email(s)
98/350 Allen & Harris Bexhill-on-Sea: 0 email(s)
99/350 Mann Bexhill-on-Sea: 0 email(s)
100/350 Bairstow Eves Bexhill-on-Sea: 0 email(s)
101/350 Mansell McTaggart Rye: 0 email(s)
102/350 Henry Adams Rye: 0 email(s)
103/350 Jacobs Steel Rye: 0 email(s)
104/350 Michael Jones Rye: 0 email(s)
105/350 Robert Luff & Co Rye: 2 email(s)
106/350 Hamptons Crowborough: 0 email(s)
107/350 Savills Crowborough: 0 email(s)
108/350 Knight Frank Crowborough: 0 email(s)
109/350 Strutt & Parker Crowborough: 0 email(s)
110/350 Fine & Country Crowborough: 0 email(s)
111/350 Mann Tunbridge Wells: 0 email(s)
112/350 Bairstow Eves Tunbridge Wells: 0 email(s)
113/350 Abbotts Tunbridge Wells: 0 email(s)
114/350 Taylors Tunbridge Wells: 0 email(s)
115/350 Gascoigne-Pees Tunbridge Wells: 0 email(s)
116/350 Michael Jones Maidstone: 0 email(s)
117/350 Robert Luff & Co Maidstone: 2 email(s)
118/350 Bacon & Company Maidstone: 1 email(s)
119/350 Sims Williams Maidstone: 0 email(s)
120/350 Oakfield Maidstone: 1 email(s)
121/350 Strutt & Parker Croydon: 0 email(s)
122/350 Fine & Country Croydon: 0 email(s)
123/350 Chancellors Croydon: 0 email(s)
124/350 Haart Croydon: 0 email(s)
125/350 Spicerhaart Croydon: 0 email(s)
126/350 Taylors Bromley: 0 email(s)
127/350 Gascoigne-Pees Bromley: 0 email(s)
128/350 King & Chasemore Bromley: 0 email(s)
129/350 Cubitt & West Bromley: 0 email(s)
130/350 Douglas Allen Bromley: 0 email(s)
131/350 Sims Williams Guildford: 0 email(s)
132/350 Oakfield Guildford: 1 email(s)
133/350 Brand Vaughan Guildford: 0 email(s)
134/350 Maslen Estate Agents Guildford: 0 email(s)
135/350 Move Sussex Guildford: 0 email(s)
136/350 Haart Woking: 0 email(s)
137/350 Spicerhaart Woking: 0 email(s)
138/350 KFH Woking: 0 email(s)
139/350 Foxtons Woking: 0 email(s)
140/350 Chestertons Woking: 0 email(s)
141/350 Cubitt & West Reigate: 0 email(s)
142/350 Douglas Allen Reigate: 0 email(s)
143/350 Wards Reigate: 0 email(s)
144/350 Your Move Reigate: 0 email(s)
145/350 Reeds Rains Reigate: 0 email(s)
146/350 Maslen Estate Agents Redhill: 0 email(s)
147/350 Move Sussex Redhill: 0 email(s)
148/350 Taylor Engley Redhill: 0 email(s)
149/350 Town Property Redhill: 3 email(s)
150/350 Open House Redhill: 0 email(s)
151/350 Foxtons Epsom: 0 email(s)
152/350 Chestertons Epsom: 0 email(s)
153/350 Dexters Epsom: 0 email(s)
154/350 Acorn Epsom: 0 email(s)
155/350 Andrews Epsom: 1 email(s)
156/350 Your Move Reading: 0 email(s)
157/350 Reeds Rains Reading: 0 email(s)
158/350 Hunters Reading: 0 email(s)
159/350 Belvoir Reading: 0 email(s)
160/350 Northwood Reading: 0 email(s)
161/350 Town Property Oxford: 3 email(s)
162/350 Open House Oxford: 0 email(s)
163/350 Connells Oxford: 0 email(s)
164/350 William H Brown Oxford: 0 email(s)
165/350 Fox & Sons Oxford: 0 email(s)
166/350 Acorn Basingstoke: 0 email(s)
167/350 Andrews Basingstoke: 1 email(s)
168/350 Romans Basingstoke: 0 email(s)
169/350 Leaders Basingstoke: 0 email(s)
170/350 Mansell McTaggart Basingstoke: 0 email(s)
171/350 Belvoir Winchester: 0 email(s)
172/350 Northwood Winchester: 0 email(s)
173/350 Martin & Co Winchester: 0 email(s)
174/350 Winkworth Winchester: 0 email(s)
175/350 Hamptons Winchester: 0 email(s)
176/350 William H Brown Southampton: 0 email(s)
177/350 Fox & Sons Southampton: 0 email(s)
178/350 Barnard Marcus Southampton: 0 email(s)
179/350 Allen & Harris Southampton: 0 email(s)
180/350 Mann Southampton: 0 email(s)
181/350 Leaders Portsmouth: 0 email(s)
182/350 Mansell McTaggart Portsmouth: 0 email(s)
183/350 Henry Adams Portsmouth: 0 email(s)
184/350 Jacobs Steel Portsmouth: 0 email(s)
185/350 Michael Jones Portsmouth: 0 email(s)
186/350 Winkworth Bournemouth: 0 email(s)
187/350 Hamptons Bournemouth: 0 email(s)
188/350 Savills Bournemouth: 0 email(s)
189/350 Knight Frank Bournemouth: 0 email(s)
190/350 Strutt & Parker Bournemouth: 0 email(s)
191/350 Allen & Harris Poole: 0 email(s)
192/350 Mann Poole: 0 email(s)
193/350 Bairstow Eves Poole: 0 email(s)
194/350 Abbotts Poole: 0 email(s)
195/350 Taylors Poole: 0 email(s)
196/350 Jacobs Steel Bristol: 0 email(s)
197/350 Michael Jones Bristol: 0 email(s)
198/350 Robert Luff & Co Bristol: 2 email(s)
199/350 Bacon & Company Bristol: 1 email(s)
200/350 Sims Williams Bristol: 0 email(s)
201/350 Knight Frank Bath: 0 email(s)
202/350 Strutt & Parker Bath: 0 email(s)
203/350 Fine & Country Bath: 0 email(s)
204/350 Chancellors Bath: 0 email(s)
205/350 Haart Bath: 0 email(s)
206/350 Abbotts Exeter: 0 email(s)
207/350 Taylors Exeter: 0 email(s)
208/350 Gascoigne-Pees Exeter: 0 email(s)
209/350 King & Chasemore Exeter: 0 email(s)
210/350 Cubitt & West Exeter: 0 email(s)
211/350 Bacon & Company Plymouth: 1 email(s)
212/350 Sims Williams Plymouth: 0 email(s)
213/350 Oakfield Plymouth: 1 email(s)
214/350 Brand Vaughan Plymouth: 0 email(s)
215/350 Maslen Estate Agents Plymouth: 0 email(s)
216/350 Chancellors Taunton: 0 email(s)
217/350 Haart Taunton: 0 email(s)
218/350 Spicerhaart Taunton: 0 email(s)
219/350 KFH Taunton: 0 email(s)
220/350 Foxtons Taunton: 0 email(s)
221/350 King & Chasemore Cheltenham: 0 email(s)
222/350 Cubitt & West Cheltenham: 0 email(s)
223/350 Douglas Allen Cheltenham: 0 email(s)
224/350 Wards Cheltenham: 0 email(s)
225/350 Your Move Cheltenham: 0 email(s)
226/350 Brand Vaughan Gloucester: 0 email(s)
227/350 Maslen Estate Agents Gloucester: 0 email(s)
228/350 Move Sussex Gloucester: 0 email(s)
229/350 Taylor Engley Gloucester: 0 email(s)
230/350 Town Property Gloucester: 3 email(s)
231/350 KFH Birmingham: 0 email(s)
232/350 Foxtons Birmingham: 0 email(s)
233/350 Chestertons Birmingham: 0 email(s)
234/350 Dexters Birmingham: 0 email(s)
235/350 Acorn Birmingham: 0 email(s)
236/350 Wards Coventry: 0 email(s)
237/350 Your Move Coventry: 0 email(s)
238/350 Reeds Rains Coventry: 0 email(s)
239/350 Hunters Coventry: 0 email(s)
240/350 Belvoir Coventry: 0 email(s)
241/350 Taylor Engley Leicester: 0 email(s)
242/350 Town Property Leicester: 3 email(s)
243/350 Open House Leicester: 0 email(s)
244/350 Connells Leicester: 0 email(s)
245/350 William H Brown Leicester: 0 email(s)
246/350 Dexters Nottingham: 0 email(s)
247/350 Acorn Nottingham: 0 email(s)
248/350 Andrews Nottingham: 1 email(s)
249/350 Romans Nottingham: 0 email(s)
250/350 Leaders Nottingham: 0 email(s)
251/350 Hunters Derby: 0 email(s)
252/350 Belvoir Derby: 0 email(s)
253/350 Northwood Derby: 0 email(s)
254/350 Martin & Co Derby: 0 email(s)
255/350 Winkworth Derby: 0 email(s)
256/350 Connells Sheffield: 0 email(s)
257/350 William H Brown Sheffield: 0 email(s)
258/350 Fox & Sons Sheffield: 0 email(s)
259/350 Barnard Marcus Sheffield: 0 email(s)
260/350 Allen & Harris Sheffield: 0 email(s)
261/350 Romans Leeds: 0 email(s)
262/350 Leaders Leeds: 0 email(s)
263/350 Mansell McTaggart Leeds: 0 email(s)
264/350 Henry Adams Leeds: 0 email(s)
265/350 Jacobs Steel Leeds: 0 email(s)
266/350 Martin & Co York: 0 email(s)
267/350 Winkworth York: 0 email(s)
268/350 Hamptons York: 0 email(s)
269/350 Savills York: 0 email(s)
270/350 Knight Frank York: 0 email(s)
271/350 Barnard Marcus Manchester: 0 email(s)
272/350 Allen & Harris Manchester: 0 email(s)
273/350 Mann Manchester: 0 email(s)
274/350 Bairstow Eves Manchester: 0 email(s)
275/350 Abbotts Manchester: 0 email(s)
276/350 Henry Adams Liverpool: 0 email(s)
277/350 Jacobs Steel Liverpool: 0 email(s)
278/350 Michael Jones Liverpool: 0 email(s)
279/350 Robert Luff & Co Liverpool: 2 email(s)
280/350 Bacon & Company Liverpool: 1 email(s)
281/350 Savills Chester: 0 email(s)
282/350 Knight Frank Chester: 0 email(s)
283/350 Strutt & Parker Chester: 0 email(s)
284/350 Fine & Country Chester: 0 email(s)
285/350 Chancellors Chester: 0 email(s)
286/350 Bairstow Eves Preston: 0 email(s)
287/350 Abbotts Preston: 0 email(s)
288/350 Taylors Preston: 0 email(s)
289/350 Gascoigne-Pees Preston: 0 email(s)
290/350 King & Chasemore Preston: 0 email(s)
291/350 Robert Luff & Co Newcastle upon Tyne: 2 email(s)
292/350 Bacon & Company Newcastle upon Tyne: 1 email(s)
293/350 Sims Williams Newcastle upon Tyne: 0 email(s)
294/350 Oakfield Newcastle upon Tyne: 1 email(s)
295/350 Brand Vaughan Newcastle upon Tyne: 0 email(s)
296/350 Fine & Country Durham: 0 email(s)
297/350 Chancellors Durham: 0 email(s)
298/350 Haart Durham: 0 email(s)
299/350 Spicerhaart Durham: 0 email(s)
300/350 KFH Durham: 0 email(s)
301/350 Gascoigne-Pees Cambridge: 0 email(s)
302/350 King & Chasemore Cambridge: 0 email(s)
303/350 Cubitt & West Cambridge: 0 email(s)
304/350 Douglas Allen Cambridge: 0 email(s)
305/350 Wards Cambridge: 0 email(s)
306/350 Oakfield Norwich: 1 email(s)
307/350 Brand Vaughan Norwich: 0 email(s)
308/350 Maslen Estate Agents Norwich: 0 email(s)
309/350 Move Sussex Norwich: 0 email(s)
310/350 Taylor Engley Norwich: 0 email(s)
311/350 Spicerhaart Ipswich: 0 email(s)
312/350 KFH Ipswich: 0 email(s)
313/350 Foxtons Ipswich: 0 email(s)
314/350 Chestertons Ipswich: 0 email(s)
315/350 Dexters Ipswich: 0 email(s)
316/350 Douglas Allen Colchester: 0 email(s)
317/350 Wards Colchester: 0 email(s)
318/350 Your Move Colchester: 0 email(s)
319/350 Reeds Rains Colchester: 0 email(s)
320/350 Hunters Colchester: 0 email(s)
321/350 Move Sussex Chelmsford: 0 email(s)
322/350 Taylor Engley Chelmsford: 0 email(s)
323/350 Town Property Chelmsford: 3 email(s)
324/350 Open House Chelmsford: 0 email(s)
325/350 Connells Chelmsford: 0 email(s)
326/350 Chestertons St Albans: 0 email(s)
327/350 Dexters St Albans: 0 email(s)
328/350 Acorn St Albans: 0 email(s)
329/350 Andrews St Albans: 1 email(s)
330/350 Romans St Albans: 0 email(s)
331/350 Reeds Rains Milton Keynes: 0 email(s)
332/350 Hunters Milton Keynes: 0 email(s)
333/350 Belvoir Milton Keynes: 0 email(s)
334/350 Northwood Milton Keynes: 0 email(s)
335/350 Martin & Co Milton Keynes: 0 email(s)
336/350 Open House Northampton: 0 email(s)
337/350 Connells Northampton: 0 email(s)
338/350 William H Brown Northampton: 0 email(s)
339/350 Fox & Sons Northampton: 0 email(s)
340/350 Barnard Marcus Northampton: 0 email(s)
341/350 Andrews Peterborough: 1 email(s)
342/350 Romans Peterborough: 0 email(s)
343/350 Leaders Peterborough: 0 email(s)
344/350 Mansell McTaggart Peterborough: 0 email(s)
345/350 Henry Adams Peterborough: 0 email(s)
346/350 Northwood Lincoln: 0 email(s)
347/350 Martin & Co Lincoln: 0 email(s)
348/350 Winkworth Lincoln: 0 email(s)
349/350 Hamptons Lincoln: 0 email(s)
350/350 Savills Lincoln: 0 email(s)
Saved extracted_estate_agent_emails.csv
